[00:00:00.000] (7ff93b61c380) DEBUG  Local peer id: PeerId("12D3KooWLzmR6a9HGB1qJCYLXiT1wzgaCfjcLd1mRc5UqE4J5Z6P")
[00:00:00.002] (7ff93b61c380) DEBUG  Transport: BoxedTransport
[00:00:05.002] (7ff93b61c380) DEBUG  Starting heartbeat
[00:00:05.003] (7ff93b61c380) DEBUG  Completed Heartbeat
[00:00:15.004] (7ff93b61c380) DEBUG  Starting heartbeat
[00:00:15.004] (7ff93b61c380) DEBUG  Completed Heartbeat
[00:00:16.424] (7ff93b61c380) DEBUG  Got listen command
[00:00:16.424] (7ff93b61c380) DEBUG  listening on 0.0.0.0:0
[00:00:16.431] (7ff93b61c380) DEBUG  New listen address: /ip4/192.168.1.21/tcp/38611
[00:00:16.431] (7ff93b61c380) DEBUG  Listener ListenerId(4078181548934972532); New address: "/ip4/192.168.1.21/tcp/38611"
[00:00:16.431] (7ff93b61c380) DEBUG  Got event NewListenAddr { listener_id: ListenerId(4078181548934972532), address: "/ip4/192.168.1.21/tcp/38611" }
[00:00:16.434] (7ff93b61c380) DEBUG  New listen address: /ip4/127.0.0.1/tcp/38611
[00:00:16.434] (7ff93b61c380) DEBUG  Listener ListenerId(4078181548934972532); New address: "/ip4/127.0.0.1/tcp/38611"
[00:00:16.435] (7ff93b61c380) DEBUG  Got event NewListenAddr { listener_id: ListenerId(4078181548934972532), address: "/ip4/127.0.0.1/tcp/38611" }
[00:00:25.003] (7ff93b61c380) DEBUG  Starting heartbeat
[00:00:25.003] (7ff93b61c380) DEBUG  Completed Heartbeat
[00:00:32.822] (7ff93b61c380) DEBUG  Incoming connection from /ip4/192.168.1.21/tcp/34286 at /ip4/192.168.1.21/tcp/38611
[00:00:32.823] (7ff93b61c380) DEBUG  Got event IncomingConnection { local_addr: "/ip4/192.168.1.21/tcp/38611", send_back_addr: "/ip4/192.168.1.21/tcp/34286" }
[00:00:32.823] (7ff93a405640) DEBUG  Listener: confirming protocol: /noise
[00:00:32.823] (7ff93a405640) DEBUG  Listener: sent confirmed protocol: /noise
[00:00:32.832] (7ff93b017640) DEBUG  Successfully applied negotiated protocol
[00:00:32.832] (7ff93b017640) DEBUG  Listener: confirming protocol: /mplex/6.7.0
[00:00:32.832] (7ff93b017640) DEBUG  Listener: sent confirmed protocol: /mplex/6.7.0
[00:00:32.832] (7ff93b017640) DEBUG  New multiplexed connection: 291abc62655d9057
[00:00:32.832] (7ff93b017640) DEBUG  Successfully applied negotiated protocol
[00:00:32.833] (7ff93b61c380) DEBUG  Connection established: PeerId("12D3KooWDv6U8WR3hZmRFYvmTbvNKRxJrBcfsRNFibJWHdr9N9Dk") Listener { local_addr: "/ip4/192.168.1.21/tcp/38611", send_back_addr: "/ip4/192.168.1.21/tcp/34286" }; Total (peer): 1. Total non-banned (peer): 1
[00:00:32.833] (7ff93b61c380) DEBUG  New peer connected: 12D3KooWDv6U8WR3hZmRFYvmTbvNKRxJrBcfsRNFibJWHdr9N9Dk
[00:00:32.833] (7ff93b61c380) DEBUG  Got event ConnectionEstablished { peer_id: PeerId("12D3KooWDv6U8WR3hZmRFYvmTbvNKRxJrBcfsRNFibJWHdr9N9Dk"), endpoint: Listener { local_addr: "/ip4/192.168.1.21/tcp/38611", send_back_addr: "/ip4/192.168.1.21/tcp/34286" }, num_established: 1, concurrent_dial_errors: None }
[00:00:32.833] (7ff93b017640) DEBUG  291abc62655d9057: New outbound substream: (0/initiator) (total 1)
[00:00:32.833] (7ff93b017640) DEBUG  Dialer: Proposed protocol: /ipfs/ping/1.0.0
[00:00:32.833] (7ff93ae16640) DEBUG  291abc62655d9057: New inbound substream: (0/receiver) (total 2)
[00:00:32.834] (7ff93ae16640) DEBUG  Listener: confirming protocol: /ipfs/ping/1.0.0
[00:00:32.834] (7ff93ae16640) DEBUG  Listener: sent confirmed protocol: /ipfs/ping/1.0.0
[00:00:32.834] (7ff93ae16640) DEBUG  Successfully applied negotiated protocol
[00:00:32.834] (7ff93ae16640) DEBUG  Dialer: Received confirmation for protocol: /ipfs/ping/1.0.0
[00:00:32.834] (7ff93ae16640) DEBUG  Successfully applied negotiated protocol
[00:00:32.837] (7ff93b61c380) DEBUG  Ping received from PeerId("12D3KooWDv6U8WR3hZmRFYvmTbvNKRxJrBcfsRNFibJWHdr9N9Dk")
[00:00:32.838] (7ff93b61c380) DEBUG  Got event Behaviour(PingEvent(Event { peer: PeerId("12D3KooWDv6U8WR3hZmRFYvmTbvNKRxJrBcfsRNFibJWHdr9N9Dk"), result: Ok(Pong) }))
[00:00:32.843] (7ff93b61c380) DEBUG  Ping sent to PeerId("12D3KooWDv6U8WR3hZmRFYvmTbvNKRxJrBcfsRNFibJWHdr9N9Dk")
[00:00:32.843] (7ff93b61c380) DEBUG  Got event Behaviour(PingEvent(Event { peer: PeerId("12D3KooWDv6U8WR3hZmRFYvmTbvNKRxJrBcfsRNFibJWHdr9N9Dk"), result: Ok(Ping { rtt: 242.796µs }) }))
[00:00:35.003] (7ff93b61c380) DEBUG  Starting heartbeat
[00:00:35.003] (7ff93b61c380) DEBUG  Completed Heartbeat
[00:00:38.141] (7ff93b017640) DEBUG  291abc62655d9057: New inbound substream: (1/receiver) (total 3)
[00:00:38.141] (7ff93b017640) DEBUG  Listener: confirming protocol: /meshsub/1.1.0
[00:00:38.141] (7ff93b017640) DEBUG  Listener: sent confirmed protocol: /meshsub/1.1.0
[00:00:38.142] (7ff93b017640) DEBUG  Successfully applied negotiated protocol
[00:00:38.142] (7ff93b61c380) DEBUG  New peer type found: Gossipsub v1.1 for peer: 12D3KooWDv6U8WR3hZmRFYvmTbvNKRxJrBcfsRNFibJWHdr9N9Dk
[00:00:38.142] (7ff93b61c380) DEBUG  Handling subscriptions: [GossipsubSubscription { action: Subscribe, topic_hash: TopicHash { hash: "chat" } }], from source: 12D3KooWDv6U8WR3hZmRFYvmTbvNKRxJrBcfsRNFibJWHdr9N9Dk
[00:00:38.142] (7ff93b61c380) DEBUG  SUBSCRIPTION: Adding gossip peer: 12D3KooWDv6U8WR3hZmRFYvmTbvNKRxJrBcfsRNFibJWHdr9N9Dk to topic: TopicHash { hash: "chat" }
[00:00:38.142] (7ff93b61c380) DEBUG  Got event Behaviour(Subscribed { peer_id: PeerId("12D3KooWDv6U8WR3hZmRFYvmTbvNKRxJrBcfsRNFibJWHdr9N9Dk"), topic: TopicHash { hash: "chat" } })
[00:00:42.143] (7ff93b61c380) DEBUG  Subscribing to topic: chat
[00:00:42.143] (7ff93b61c380) DEBUG  Sending SUBSCRIBE to peer: PeerId("12D3KooWDv6U8WR3hZmRFYvmTbvNKRxJrBcfsRNFibJWHdr9N9Dk")
[00:00:42.143] (7ff93b61c380) DEBUG  Running JOIN for topic: TopicHash { hash: "chat" }
[00:00:42.143] (7ff93b61c380) DEBUG  RANDOM PEERS: Got 1 peers
[00:00:42.144] (7ff93b61c380) DEBUG  JOIN: Inserting 1 random peers into the mesh
[00:00:42.144] (7ff93b61c380) DEBUG  JOIN: Sending Graft message to peer: PeerId("12D3KooWDv6U8WR3hZmRFYvmTbvNKRxJrBcfsRNFibJWHdr9N9Dk")
[00:00:42.144] (7ff93b61c380) DEBUG  Completed JOIN for topic: TopicHash { hash: "chat" }
[00:00:42.144] (7ff93b61c380) DEBUG  Subscribed to topic: chat
[00:00:42.160] (7ff93b017640) DEBUG  291abc62655d9057: New outbound substream: (1/initiator) (total 4)
[00:00:42.160] (7ff93b017640) DEBUG  Dialer: Proposed protocol: /meshsub/1.1.0
[00:00:42.163] (7ff93b017640) DEBUG  Dialer: Received confirmation for protocol: /meshsub/1.1.0
[00:00:42.163] (7ff93b017640) DEBUG  Successfully applied negotiated protocol
[00:00:42.168] (7ff93b61c380) DEBUG  Handling GRAFT message for peer: 12D3KooWDv6U8WR3hZmRFYvmTbvNKRxJrBcfsRNFibJWHdr9N9Dk
[00:00:42.169] (7ff93b61c380) DEBUG  GRAFT: Received graft for peer PeerId("12D3KooWDv6U8WR3hZmRFYvmTbvNKRxJrBcfsRNFibJWHdr9N9Dk") that is already in topic TopicHash { hash: "chat" }
[00:00:42.169] (7ff93b61c380) DEBUG  Completed GRAFT handling for peer: 12D3KooWDv6U8WR3hZmRFYvmTbvNKRxJrBcfsRNFibJWHdr9N9Dk
[00:00:45.002] (7ff93b61c380) DEBUG  Starting heartbeat
[00:00:45.002] (7ff93b61c380) DEBUG  HEARTBEAT: Mesh low. Topic: chat Contains: 1 needs: 5
[00:00:45.003] (7ff93b61c380) DEBUG  RANDOM PEERS: Got 0 peers
[00:00:45.003] (7ff93b61c380) DEBUG  Updating mesh, new mesh: {}
[00:00:45.003] (7ff93b61c380) DEBUG  Completed Heartbeat
[00:00:45.770] (7ff93b61c380) DEBUG  Publishing 'hello' on topic chat
[00:00:45.772] (7ff93b61c380) DEBUG  Published message: MessageId(313244334b6f6f574c7a6d5236613948474231714a43594c58695431777a676143666a634c64316d526335557145344a355a36503133383339393034303636353331313031303231)
[00:00:45.773] (7ff93b61c380) DEBUG  Returned from publish, ret = Ok(MessageId(313244334b6f6f574c7a6d5236613948474231714a43594c58695431777a676143666a634c64316d526335557145344a355a36503133383339393034303636353331313031303231))
[00:00:47.837] (7ff93b61c380) DEBUG  Ping received from PeerId("12D3KooWDv6U8WR3hZmRFYvmTbvNKRxJrBcfsRNFibJWHdr9N9Dk")
[00:00:47.838] (7ff93b61c380) DEBUG  Got event Behaviour(PingEvent(Event { peer: PeerId("12D3KooWDv6U8WR3hZmRFYvmTbvNKRxJrBcfsRNFibJWHdr9N9Dk"), result: Ok(Pong) }))
[00:00:47.846] (7ff93b61c380) DEBUG  Ping sent to PeerId("12D3KooWDv6U8WR3hZmRFYvmTbvNKRxJrBcfsRNFibJWHdr9N9Dk")
[00:00:47.846] (7ff93b61c380) DEBUG  Got event Behaviour(PingEvent(Event { peer: PeerId("12D3KooWDv6U8WR3hZmRFYvmTbvNKRxJrBcfsRNFibJWHdr9N9Dk"), result: Ok(Ping { rtt: 1.80519ms }) }))
[00:00:49.257] (7ff93b61c380) DEBUG  Publishing 'hola' on topic chat
[00:00:49.259] (7ff93b61c380) DEBUG  Published message: MessageId(313244334b6f6f574c7a6d5236613948474231714a43594c58695431777a676143666a634c64316d526335557145344a355a36503137363038313138383831333733363836303230)
[00:00:49.259] (7ff93b61c380) DEBUG  Returned from publish, ret = Ok(MessageId(313244334b6f6f574c7a6d5236613948474231714a43594c58695431777a676143666a634c64316d526335557145344a355a36503137363038313138383831333733363836303230))
[00:00:50.756] (7ff93b61c380) DEBUG  Publishing 'hello' on topic chat
[00:00:50.759] (7ff93b61c380) DEBUG  Published message: MessageId(313244334b6f6f574c7a6d5236613948474231714a43594c58695431777a676143666a634c64316d526335557145344a355a36503135323433333539353937393933333235343934)
[00:00:50.759] (7ff93b61c380) DEBUG  Returned from publish, ret = Ok(MessageId(313244334b6f6f574c7a6d5236613948474231714a43594c58695431777a676143666a634c64316d526335557145344a355a36503135323433333539353937393933333235343934))
[00:00:53.646] (7ff93b61c380) DEBUG  Handling message: MessageId(313244334b6f6f574476365538575233685a6d524659766d5462764e4b52784a7242636673524e4669624a57486472394e39446b3135353137373639323338323533333234343633) from peer: 12D3KooWDv6U8WR3hZmRFYvmTbvNKRxJrBcfsRNFibJWHdr9N9Dk
[00:00:53.646] (7ff93b61c380) DEBUG  Put message MessageId(313244334b6f6f574476365538575233685a6d524659766d5462764e4b52784a7242636673524e4669624a57486472394e39446b3135353137373639323338323533333234343633) in duplicate_cache and resolve promises
[00:00:53.646] (7ff93b61c380) DEBUG  Sending received message to user
[00:00:53.646] (7ff93b61c380) DEBUG  Forwarding message: MessageId(313244334b6f6f574476365538575233685a6d524659766d5462764e4b52784a7242636673524e4669624a57486472394e39446b3135353137373639323338323533333234343633)
[00:00:53.646] (7ff93b61c380) DEBUG  Completed message handling for message: MessageId(313244334b6f6f574476365538575233685a6d524659766d5462764e4b52784a7242636673524e4669624a57486472394e39446b3135353137373639323338323533333234343633)
[00:00:53.646] (7ff93b61c380) DEBUG  Got event Behaviour(Message { source: Some(PeerId("12D3KooWDv6U8WR3hZmRFYvmTbvNKRxJrBcfsRNFibJWHdr9N9Dk")), propagation_source: Some(PeerId("12D3KooWDv6U8WR3hZmRFYvmTbvNKRxJrBcfsRNFibJWHdr9N9Dk")), topic: TopicHash { hash: "chat" }, message_id: Some(MessageId(313244334b6f6f574476365538575233685a6d524659766d5462764e4b52784a7242636673524e4669624a57486472394e39446b3135353137373639323338323533333234343633)), sequence_number: Some(15517769238253324463), message: "howdy" })
[00:00:54.803] (7ff93b61c380) DEBUG  Handling message: MessageId(313244334b6f6f574476365538575233685a6d524659766d5462764e4b52784a7242636673524e4669624a57486472394e39446b37343431363435383833393931343838363936) from peer: 12D3KooWDv6U8WR3hZmRFYvmTbvNKRxJrBcfsRNFibJWHdr9N9Dk
[00:00:54.804] (7ff93b61c380) DEBUG  Put message MessageId(313244334b6f6f574476365538575233685a6d524659766d5462764e4b52784a7242636673524e4669624a57486472394e39446b37343431363435383833393931343838363936) in duplicate_cache and resolve promises
[00:00:54.804] (7ff93b61c380) DEBUG  Sending received message to user
[00:00:54.804] (7ff93b61c380) DEBUG  Forwarding message: MessageId(313244334b6f6f574476365538575233685a6d524659766d5462764e4b52784a7242636673524e4669624a57486472394e39446b37343431363435383833393931343838363936)
[00:00:54.805] (7ff93b61c380) DEBUG  Completed message handling for message: MessageId(313244334b6f6f574476365538575233685a6d524659766d5462764e4b52784a7242636673524e4669624a57486472394e39446b37343431363435383833393931343838363936)
[00:00:54.805] (7ff93b61c380) DEBUG  Got event Behaviour(Message { source: Some(PeerId("12D3KooWDv6U8WR3hZmRFYvmTbvNKRxJrBcfsRNFibJWHdr9N9Dk")), propagation_source: Some(PeerId("12D3KooWDv6U8WR3hZmRFYvmTbvNKRxJrBcfsRNFibJWHdr9N9Dk")), topic: TopicHash { hash: "chat" }, message_id: Some(MessageId(313244334b6f6f574476365538575233685a6d524659766d5462764e4b52784a7242636673524e4669624a57486472394e39446b37343431363435383833393931343838363936)), sequence_number: Some(7441645883991488696), message: "hola" })
[00:00:55.003] (7ff93b61c380) DEBUG  Starting heartbeat
[00:00:55.003] (7ff93b61c380) DEBUG  HEARTBEAT: Mesh low. Topic: chat Contains: 1 needs: 5
[00:00:55.003] (7ff93b61c380) DEBUG  RANDOM PEERS: Got 0 peers
[00:00:55.003] (7ff93b61c380) DEBUG  Updating mesh, new mesh: {}
[00:00:55.004] (7ff93b61c380) DEBUG  RANDOM PEERS: Got 0 peers
[00:00:55.004] (7ff93b61c380) DEBUG  Gossiping IHAVE to 0 peers.
[00:00:55.004] (7ff93b61c380) DEBUG  Completed Heartbeat
[00:00:58.451] (7ff93b017640) DEBUG  291abc62655d9057: Multiplexed connection failed: Kind(UnexpectedEof)
[00:00:58.451] (7ff93b017640) WARN   Inbound stream error: Io(Kind(UnexpectedEof))
[00:00:58.452] (7ff93b017640) WARN   Inbound substream error while closing: Io(Custom { kind: UnexpectedEof, error: "unexpected end of file" })
[00:00:58.452] (7ff93b017640) DEBUG  Inbound ping error: Custom { kind: UnexpectedEof, error: "unexpected end of file" }
[00:00:58.452] (7ff93b61c380) DEBUG  Connection closed with error IO(Custom { kind: Other, error: Custom { kind: UnexpectedEof, error: "unexpected end of file" } }): Connected { endpoint: Listener { local_addr: "/ip4/192.168.1.21/tcp/38611", send_back_addr: "/ip4/192.168.1.21/tcp/34286" }, peer_id: PeerId("12D3KooWDv6U8WR3hZmRFYvmTbvNKRxJrBcfsRNFibJWHdr9N9Dk") }; Total (peer): 0.
[00:00:58.453] (7ff93b61c380) DEBUG  Peer disconnected: 12D3KooWDv6U8WR3hZmRFYvmTbvNKRxJrBcfsRNFibJWHdr9N9Dk
[00:00:58.454] (7ff93b61c380) DEBUG  Got event ConnectionClosed { peer_id: PeerId("12D3KooWDv6U8WR3hZmRFYvmTbvNKRxJrBcfsRNFibJWHdr9N9Dk"), endpoint: Listener { local_addr: "/ip4/192.168.1.21/tcp/38611", send_back_addr: "/ip4/192.168.1.21/tcp/34286" }, num_established: 0, cause: Some(IO(Custom { kind: Other, error: Custom { kind: UnexpectedEof, error: "unexpected end of file" } })) }
[00:01:00.763] (7ff93b61c380) DEBUG  Got shutdown
